2022-05-23 06:41:20,817 [INFO ] AutomationTesting.Practice.index [main] Index
2022-05-23 06:41:26,400 [INFO ] AutomationTesting.Practice.index [main] Register
2022-05-23 06:41:27,066 [INFO ] AutomationTesting.Practice.index [main] emaliTooltipText:
2022-05-23 06:41:28,952 [INFO ] AutomationTesting.Practice.index [main] Options:Male
2022-05-23 06:41:29,150 [INFO ] AutomationTesting.Practice.index [main] Options:FeMale
2022-05-23 06:43:45,749 [INFO ] AutomationTesting.Practice.index [main] Index
2022-05-23 06:43:51,260 [INFO ] AutomationTesting.Practice.index [main] Register
2022-05-23 06:43:52,111 [INFO ] AutomationTesting.Practice.index [main] emaliTooltipText:
2022-05-23 06:43:53,623 [INFO ] AutomationTesting.Practice.index [main] Options:Male
2022-05-23 06:43:53,794 [INFO ] AutomationTesting.Practice.index [main] Options:FeMale
2022-05-23 06:47:33,308 [INFO ] AutomationTesting.Practice.index [main] Index
2022-05-23 06:47:39,277 [INFO ] AutomationTesting.Practice.index [main] Register
2022-05-23 06:47:39,968 [INFO ] AutomationTesting.Practice.index [main] emaliTooltipText:
2022-05-23 06:47:41,422 [INFO ] AutomationTesting.Practice.index [main] Options:Male
2022-05-23 06:47:41,594 [INFO ] AutomationTesting.Practice.index [main] Options:FeMale
2022-05-23 07:12:00,944 [INFO ] AutomationTesting.Practice.index [main] Index
2022-05-23 07:12:06,002 [INFO ] AutomationTesting.Practice.index [main] Register
2022-05-23 07:12:06,614 [INFO ] AutomationTesting.Practice.index [main] emaliTooltipText:
2022-05-23 07:12:08,217 [INFO ] AutomationTesting.Practice.index [main] Options:Male
2022-05-23 07:12:08,366 [INFO ] AutomationTesting.Practice.index [main] Options:FeMale
2022-05-23 07:15:26,915 [INFO ] AutomationTesting.Practice.index [main] Index
2022-05-23 07:15:31,722 [INFO ] AutomationTesting.Practice.index [main] Register
2022-05-23 07:15:32,293 [INFO ] AutomationTesting.Practice.index [main] emaliTooltipText is:
2022-05-23 07:15:33,880 [INFO ] AutomationTesting.Practice.index [main] Options:Male
2022-05-23 07:15:34,033 [INFO ] AutomationTesting.Practice.index [main] Options:FeMale
2022-05-23 07:34:01,782 [INFO ] AutomationTesting.Practice.index [main] Index
2022-05-23 07:34:07,376 [INFO ] AutomationTesting.Practice.index [main] Register
2022-05-23 07:34:08,087 [INFO ] AutomationTesting.Practice.index [main] emaliTooltipText is:
2022-05-23 07:34:09,720 [INFO ] AutomationTesting.Practice.index [main] Options:Male
2022-05-23 07:34:09,909 [INFO ] AutomationTesting.Practice.index [main] Options:FeMale
2022-05-23 07:35:16,174 [INFO ] AutomationTesting.Practice.index [main] Index
2022-05-23 07:35:21,694 [INFO ] AutomationTesting.Practice.index [main] Register
2022-05-23 07:35:22,492 [INFO ] AutomationTesting.Practice.index [main] emaliTooltipText is:
2022-05-23 07:35:24,167 [INFO ] AutomationTesting.Practice.index [main] Options:Male
2022-05-23 07:35:24,348 [INFO ] AutomationTesting.Practice.index [main] Options:FeMale
2022-05-23 07:37:16,434 [INFO ] AutomationTesting.Practice.index [main] Index
2022-05-23 07:37:21,699 [INFO ] AutomationTesting.Practice.index [main] Register
2022-05-23 07:37:22,551 [INFO ] AutomationTesting.Practice.index [main] emaliTooltipText is:
2022-05-23 07:37:24,139 [INFO ] AutomationTesting.Practice.index [main] Options:Male
2022-05-23 07:37:24,295 [INFO ] AutomationTesting.Practice.index [main] Options:FeMale
2022-05-23 14:45:50,166 [INFO ] AutomationTesting.Practice.index [main] Index
2022-05-23 14:45:54,822 [INFO ] AutomationTesting.Practice.index [main] Register
2022-05-23 14:45:55,256 [INFO ] AutomationTesting.Practice.index [main] emaliTooltipText is:
2022-05-23 14:45:56,490 [INFO ] AutomationTesting.Practice.index [main] Options:Male
2022-05-23 14:45:56,619 [INFO ] AutomationTesting.Practice.index [main] Options:FeMale
2022-05-23 14:45:56,995 [INFO ] AutomationTesting.Practice.index [main] 
2022-05-23 14:45:57,021 [INFO ] AutomationTesting.Practice.index [main] Australia
2022-05-23 14:45:57,047 [INFO ] AutomationTesting.Practice.index [main] Bangladesh
2022-05-23 14:45:57,072 [INFO ] AutomationTesting.Practice.index [main] Denmark
2022-05-23 14:45:57,096 [INFO ] AutomationTesting.Practice.index [main] Hong Kong
2022-05-23 14:45:57,131 [INFO ] AutomationTesting.Practice.index [main] India
2022-05-23 14:45:57,199 [INFO ] AutomationTesting.Practice.index [main] Japan
2022-05-23 14:45:57,224 [INFO ] AutomationTesting.Practice.index [main] Netherlands
2022-05-23 14:45:57,249 [INFO ] AutomationTesting.Practice.index [main] New Zealand
2022-05-23 14:45:57,273 [INFO ] AutomationTesting.Practice.index [main] South Africa
2022-05-23 14:45:57,297 [INFO ] AutomationTesting.Practice.index [main] United States of America
2022-05-23 14:45:57,418 [INFO ] AutomationTesting.Practice.index [main] Select Skills
2022-05-23 14:45:57,443 [INFO ] AutomationTesting.Practice.index [main] Adobe InDesign
2022-05-23 14:45:57,469 [INFO ] AutomationTesting.Practice.index [main] Adobe Photoshop
2022-05-23 14:45:57,495 [INFO ] AutomationTesting.Practice.index [main] Analytics
2022-05-23 14:45:57,520 [INFO ] AutomationTesting.Practice.index [main] Android
2022-05-23 14:45:57,545 [INFO ] AutomationTesting.Practice.index [main] APIs
2022-05-23 14:45:57,569 [INFO ] AutomationTesting.Practice.index [main] Art Design
2022-05-23 14:45:57,591 [INFO ] AutomationTesting.Practice.index [main] AutoCAD
2022-05-23 14:45:57,617 [INFO ] AutomationTesting.Practice.index [main] Backup Management
2022-05-23 14:45:57,644 [INFO ] AutomationTesting.Practice.index [main] C
2022-05-23 14:45:57,669 [INFO ] AutomationTesting.Practice.index [main] C++
2022-05-23 14:45:57,695 [INFO ] AutomationTesting.Practice.index [main] Certifications
2022-05-23 14:45:57,722 [INFO ] AutomationTesting.Practice.index [main] Client Server
2022-05-23 14:45:57,746 [INFO ] AutomationTesting.Practice.index [main] Client Support
2022-05-23 14:45:57,770 [INFO ] AutomationTesting.Practice.index [main] Configuration
2022-05-23 14:45:57,795 [INFO ] AutomationTesting.Practice.index [main] Content Managment
2022-05-23 14:45:57,820 [INFO ] AutomationTesting.Practice.index [main] Content Management Systems (CMS)
2022-05-23 14:45:57,845 [INFO ] AutomationTesting.Practice.index [main] Corel Draw
2022-05-23 14:45:57,874 [INFO ] AutomationTesting.Practice.index [main] Corel Word Perfect
2022-05-23 14:45:57,903 [INFO ] AutomationTesting.Practice.index [main] CSS
2022-05-23 14:45:57,931 [INFO ] AutomationTesting.Practice.index [main] Data Analytics
2022-05-23 14:45:57,958 [INFO ] AutomationTesting.Practice.index [main] Desktop Publishing
2022-05-23 14:45:57,985 [INFO ] AutomationTesting.Practice.index [main] Design
2022-05-23 14:45:58,008 [INFO ] AutomationTesting.Practice.index [main] Diagnostics
2022-05-23 14:45:58,032 [INFO ] AutomationTesting.Practice.index [main] Documentation
2022-05-23 14:45:58,056 [INFO ] AutomationTesting.Practice.index [main] End User Support
2022-05-23 14:45:58,081 [INFO ] AutomationTesting.Practice.index [main] Email
2022-05-23 14:45:58,106 [INFO ] AutomationTesting.Practice.index [main] Engineering
2022-05-23 14:45:58,130 [INFO ] AutomationTesting.Practice.index [main] Excel
2022-05-23 14:45:58,155 [INFO ] AutomationTesting.Practice.index [main] FileMaker Pro
2022-05-23 14:45:58,184 [INFO ] AutomationTesting.Practice.index [main] Fortran
2022-05-23 14:45:58,209 [INFO ] AutomationTesting.Practice.index [main] HTML
2022-05-23 14:45:58,237 [INFO ] AutomationTesting.Practice.index [main] Implementation
2022-05-23 14:45:58,268 [INFO ] AutomationTesting.Practice.index [main] Installation
2022-05-23 14:45:58,294 [INFO ] AutomationTesting.Practice.index [main] Internet
2022-05-23 14:45:58,322 [INFO ] AutomationTesting.Practice.index [main] iOS
2022-05-23 14:45:58,347 [INFO ] AutomationTesting.Practice.index [main] iPhone
2022-05-23 14:45:58,372 [INFO ] AutomationTesting.Practice.index [main] Linux
2022-05-23 14:45:58,397 [INFO ] AutomationTesting.Practice.index [main] Java
2022-05-23 14:45:58,456 [INFO ] AutomationTesting.Practice.index [main] Javascript
2022-05-23 14:45:58,481 [INFO ] AutomationTesting.Practice.index [main] Mac
2022-05-23 14:45:58,504 [INFO ] AutomationTesting.Practice.index [main] Matlab
2022-05-23 14:45:58,530 [INFO ] AutomationTesting.Practice.index [main] Maya
2022-05-23 14:45:58,557 [INFO ] AutomationTesting.Practice.index [main] Microsoft Excel
2022-05-23 14:45:58,591 [INFO ] AutomationTesting.Practice.index [main] Microsoft Office
2022-05-23 14:45:58,621 [INFO ] AutomationTesting.Practice.index [main] Microsoft Outlook
2022-05-23 14:45:58,650 [INFO ] AutomationTesting.Practice.index [main] Microsoft Publisher
2022-05-23 14:45:58,676 [INFO ] AutomationTesting.Practice.index [main] Microsoft Word
2022-05-23 14:45:58,702 [INFO ] AutomationTesting.Practice.index [main] Microsoft Visual
2022-05-23 14:45:58,729 [INFO ] AutomationTesting.Practice.index [main] Mobile
2022-05-23 14:45:58,756 [INFO ] AutomationTesting.Practice.index [main] MySQL
2022-05-23 14:45:58,782 [INFO ] AutomationTesting.Practice.index [main] Networks
2022-05-23 14:45:58,810 [INFO ] AutomationTesting.Practice.index [main] Open Source Software
2022-05-23 14:45:58,839 [INFO ] AutomationTesting.Practice.index [main] Oracle
2022-05-23 14:45:58,865 [INFO ] AutomationTesting.Practice.index [main] Perl
2022-05-23 14:45:58,890 [INFO ] AutomationTesting.Practice.index [main] PHP
2022-05-23 14:45:58,915 [INFO ] AutomationTesting.Practice.index [main] Presentations
2022-05-23 14:45:58,940 [INFO ] AutomationTesting.Practice.index [main] Processing
2022-05-23 14:45:58,969 [INFO ] AutomationTesting.Practice.index [main] Programming
2022-05-23 14:45:58,993 [INFO ] AutomationTesting.Practice.index [main] PT Modeler
2022-05-23 14:45:59,018 [INFO ] AutomationTesting.Practice.index [main] Python
2022-05-23 14:45:59,041 [INFO ] AutomationTesting.Practice.index [main] QuickBooks
2022-05-23 14:45:59,066 [INFO ] AutomationTesting.Practice.index [main] Ruby
2022-05-23 14:45:59,091 [INFO ] AutomationTesting.Practice.index [main] Shade
2022-05-23 14:45:59,123 [INFO ] AutomationTesting.Practice.index [main] Software
2022-05-23 14:45:59,151 [INFO ] AutomationTesting.Practice.index [main] Spreadsheet
2022-05-23 14:45:59,177 [INFO ] AutomationTesting.Practice.index [main] SQL
2022-05-23 14:45:59,201 [INFO ] AutomationTesting.Practice.index [main] Support
2022-05-23 14:45:59,226 [INFO ] AutomationTesting.Practice.index [main] Systems Administration
2022-05-23 14:45:59,252 [INFO ] AutomationTesting.Practice.index [main] Tech Support
2022-05-23 14:45:59,279 [INFO ] AutomationTesting.Practice.index [main] Troubleshooting
2022-05-23 14:45:59,305 [INFO ] AutomationTesting.Practice.index [main] Unix
2022-05-23 14:45:59,331 [INFO ] AutomationTesting.Practice.index [main] UI / UX
2022-05-23 14:45:59,359 [INFO ] AutomationTesting.Practice.index [main] Web Page Design
2022-05-23 14:45:59,390 [INFO ] AutomationTesting.Practice.index [main] Windows
2022-05-23 14:45:59,419 [INFO ] AutomationTesting.Practice.index [main] Word Processing
2022-05-23 14:45:59,448 [INFO ] AutomationTesting.Practice.index [main] XML
2022-05-23 14:45:59,477 [INFO ] AutomationTesting.Practice.index [main] XHTML
2022-05-23 14:45:59,584 [INFO ] AutomationTesting.Practice.index [main] year
2022-05-23 14:45:59,616 [INFO ] AutomationTesting.Practice.index [main] 1916
2022-05-23 14:45:59,647 [INFO ] AutomationTesting.Practice.index [main] 1917
2022-05-23 14:45:59,671 [INFO ] AutomationTesting.Practice.index [main] 1918
2022-05-23 14:45:59,698 [INFO ] AutomationTesting.Practice.index [main] 1919
2022-05-23 14:45:59,726 [INFO ] AutomationTesting.Practice.index [main] 1920
2022-05-23 14:45:59,752 [INFO ] AutomationTesting.Practice.index [main] 1921
2022-05-23 14:45:59,781 [INFO ] AutomationTesting.Practice.index [main] 1922
2022-05-23 14:45:59,809 [INFO ] AutomationTesting.Practice.index [main] 1923
2022-05-23 14:45:59,839 [INFO ] AutomationTesting.Practice.index [main] 1924
2022-05-23 14:45:59,867 [INFO ] AutomationTesting.Practice.index [main] 1925
2022-05-23 14:45:59,892 [INFO ] AutomationTesting.Practice.index [main] 1926
2022-05-23 14:45:59,921 [INFO ] AutomationTesting.Practice.index [main] 1927
2022-05-23 14:45:59,957 [INFO ] AutomationTesting.Practice.index [main] 1928
2022-05-23 14:45:59,994 [INFO ] AutomationTesting.Practice.index [main] 1929
2022-05-23 14:46:00,020 [INFO ] AutomationTesting.Practice.index [main] 1930
2022-05-23 14:46:00,056 [INFO ] AutomationTesting.Practice.index [main] 1931
2022-05-23 14:46:00,107 [INFO ] AutomationTesting.Practice.index [main] 1932
2022-05-23 14:46:00,132 [INFO ] AutomationTesting.Practice.index [main] 1933
2022-05-23 14:46:00,157 [INFO ] AutomationTesting.Practice.index [main] 1934
2022-05-23 14:46:00,181 [INFO ] AutomationTesting.Practice.index [main] 1935
2022-05-23 14:46:00,204 [INFO ] AutomationTesting.Practice.index [main] 1936
2022-05-23 14:46:00,227 [INFO ] AutomationTesting.Practice.index [main] 1937
2022-05-23 14:46:00,251 [INFO ] AutomationTesting.Practice.index [main] 1938
2022-05-23 14:46:00,274 [INFO ] AutomationTesting.Practice.index [main] 1939
2022-05-23 14:46:00,299 [INFO ] AutomationTesting.Practice.index [main] 1940
2022-05-23 14:46:00,324 [INFO ] AutomationTesting.Practice.index [main] 1941
2022-05-23 14:46:00,348 [INFO ] AutomationTesting.Practice.index [main] 1942
2022-05-23 14:46:00,373 [INFO ] AutomationTesting.Practice.index [main] 1943
2022-05-23 14:46:00,396 [INFO ] AutomationTesting.Practice.index [main] 1944
2022-05-23 14:46:00,422 [INFO ] AutomationTesting.Practice.index [main] 1945
2022-05-23 14:46:00,454 [INFO ] AutomationTesting.Practice.index [main] 1946
2022-05-23 14:46:00,479 [INFO ] AutomationTesting.Practice.index [main] 1947
2022-05-23 14:46:00,502 [INFO ] AutomationTesting.Practice.index [main] 1948
2022-05-23 14:46:00,533 [INFO ] AutomationTesting.Practice.index [main] 1949
2022-05-23 14:46:00,558 [INFO ] AutomationTesting.Practice.index [main] 1950
2022-05-23 14:46:00,580 [INFO ] AutomationTesting.Practice.index [main] 1951
2022-05-23 14:46:00,604 [INFO ] AutomationTesting.Practice.index [main] 1952
2022-05-23 14:46:00,627 [INFO ] AutomationTesting.Practice.index [main] 1953
2022-05-23 14:46:00,650 [INFO ] AutomationTesting.Practice.index [main] 1954
2022-05-23 14:46:00,673 [INFO ] AutomationTesting.Practice.index [main] 1955
2022-05-23 14:46:00,696 [INFO ] AutomationTesting.Practice.index [main] 1956
2022-05-23 14:46:00,719 [INFO ] AutomationTesting.Practice.index [main] 1957
2022-05-23 14:46:00,743 [INFO ] AutomationTesting.Practice.index [main] 1958
2022-05-23 14:46:00,765 [INFO ] AutomationTesting.Practice.index [main] 1959
2022-05-23 14:46:00,795 [INFO ] AutomationTesting.Practice.index [main] 1960
2022-05-23 14:46:00,822 [INFO ] AutomationTesting.Practice.index [main] 1961
2022-05-23 14:46:00,848 [INFO ] AutomationTesting.Practice.index [main] 1962
2022-05-23 14:46:00,873 [INFO ] AutomationTesting.Practice.index [main] 1963
2022-05-23 14:46:00,900 [INFO ] AutomationTesting.Practice.index [main] 1964
2022-05-23 14:46:00,931 [INFO ] AutomationTesting.Practice.index [main] 1965
2022-05-23 14:46:00,957 [INFO ] AutomationTesting.Practice.index [main] 1966
2022-05-23 14:46:00,987 [INFO ] AutomationTesting.Practice.index [main] 1967
2022-05-23 14:46:01,015 [INFO ] AutomationTesting.Practice.index [main] 1968
2022-05-23 14:46:01,040 [INFO ] AutomationTesting.Practice.index [main] 1969
2022-05-23 14:46:01,066 [INFO ] AutomationTesting.Practice.index [main] 1970
2022-05-23 14:46:01,093 [INFO ] AutomationTesting.Practice.index [main] 1971
2022-05-23 14:46:01,122 [INFO ] AutomationTesting.Practice.index [main] 1972
2022-05-23 14:46:01,149 [INFO ] AutomationTesting.Practice.index [main] 1973
2022-05-23 14:46:01,180 [INFO ] AutomationTesting.Practice.index [main] 1974
2022-05-23 14:46:01,206 [INFO ] AutomationTesting.Practice.index [main] 1975
2022-05-23 14:46:01,233 [INFO ] AutomationTesting.Practice.index [main] 1976
2022-05-23 14:46:01,261 [INFO ] AutomationTesting.Practice.index [main] 1977
2022-05-23 14:46:01,291 [INFO ] AutomationTesting.Practice.index [main] 1978
2022-05-23 14:46:01,321 [INFO ] AutomationTesting.Practice.index [main] 1979
2022-05-23 14:46:01,347 [INFO ] AutomationTesting.Practice.index [main] 1980
2022-05-23 14:46:01,376 [INFO ] AutomationTesting.Practice.index [main] 1981
2022-05-23 14:46:01,403 [INFO ] AutomationTesting.Practice.index [main] 1982
2022-05-23 14:46:01,434 [INFO ] AutomationTesting.Practice.index [main] 1983
2022-05-23 14:46:01,462 [INFO ] AutomationTesting.Practice.index [main] 1984
2022-05-23 14:46:01,486 [INFO ] AutomationTesting.Practice.index [main] 1985
2022-05-23 14:46:01,511 [INFO ] AutomationTesting.Practice.index [main] 1986
2022-05-23 14:46:01,534 [INFO ] AutomationTesting.Practice.index [main] 1987
2022-05-23 14:46:01,560 [INFO ] AutomationTesting.Practice.index [main] 1988
2022-05-23 14:46:01,585 [INFO ] AutomationTesting.Practice.index [main] 1989
2022-05-23 14:46:01,609 [INFO ] AutomationTesting.Practice.index [main] 1990
2022-05-23 14:46:01,634 [INFO ] AutomationTesting.Practice.index [main] 1991
2022-05-23 14:46:01,658 [INFO ] AutomationTesting.Practice.index [main] 1992
2022-05-23 14:46:01,684 [INFO ] AutomationTesting.Practice.index [main] 1993
2022-05-23 14:46:01,711 [INFO ] AutomationTesting.Practice.index [main] 1994
2022-05-23 14:46:01,740 [INFO ] AutomationTesting.Practice.index [main] 1995
2022-05-23 14:46:01,766 [INFO ] AutomationTesting.Practice.index [main] 1996
2022-05-23 14:46:01,822 [INFO ] AutomationTesting.Practice.index [main] 1997
2022-05-23 14:46:01,867 [INFO ] AutomationTesting.Practice.index [main] 1998
2022-05-23 14:46:01,892 [INFO ] AutomationTesting.Practice.index [main] 1999
2022-05-23 14:46:01,916 [INFO ] AutomationTesting.Practice.index [main] 2000
2022-05-23 14:46:01,952 [INFO ] AutomationTesting.Practice.index [main] 2001
2022-05-23 14:46:01,982 [INFO ] AutomationTesting.Practice.index [main] 2002
2022-05-23 14:46:02,010 [INFO ] AutomationTesting.Practice.index [main] 2003
2022-05-23 14:46:02,038 [INFO ] AutomationTesting.Practice.index [main] 2004
2022-05-23 14:46:02,064 [INFO ] AutomationTesting.Practice.index [main] 2005
2022-05-23 14:46:02,094 [INFO ] AutomationTesting.Practice.index [main] 2006
2022-05-23 14:46:02,121 [INFO ] AutomationTesting.Practice.index [main] 2007
2022-05-23 14:46:02,150 [INFO ] AutomationTesting.Practice.index [main] 2008
2022-05-23 14:46:02,174 [INFO ] AutomationTesting.Practice.index [main] 2009
2022-05-23 14:46:02,199 [INFO ] AutomationTesting.Practice.index [main] 2010
2022-05-23 14:46:02,225 [INFO ] AutomationTesting.Practice.index [main] 2011
2022-05-23 14:46:02,249 [INFO ] AutomationTesting.Practice.index [main] 2012
2022-05-23 14:46:02,275 [INFO ] AutomationTesting.Practice.index [main] 2013
2022-05-23 14:46:02,303 [INFO ] AutomationTesting.Practice.index [main] 2014
2022-05-23 14:46:02,331 [INFO ] AutomationTesting.Practice.index [main] 2015
2022-05-23 15:25:54,110 [INFO ] AutomationTesting.Practice.index [main] Index
2022-05-23 15:25:58,908 [INFO ] AutomationTesting.Practice.index [main] Register
2022-05-23 15:25:59,221 [INFO ] AutomationTesting.Practice.index [main] emaliTooltipText is:
2022-05-23 15:26:00,011 [INFO ] AutomationTesting.Practice.index [main] Options:Male
2022-05-23 15:26:00,098 [INFO ] AutomationTesting.Practice.index [main] Options:FeMale
2022-05-23 15:26:00,356 [INFO ] AutomationTesting.Practice.index [main] 
2022-05-23 15:26:00,375 [INFO ] AutomationTesting.Practice.index [main] Australia
2022-05-23 15:26:00,396 [INFO ] AutomationTesting.Practice.index [main] Bangladesh
2022-05-23 15:26:00,415 [INFO ] AutomationTesting.Practice.index [main] Denmark
2022-05-23 15:26:00,431 [INFO ] AutomationTesting.Practice.index [main] Hong Kong
2022-05-23 15:26:00,450 [INFO ] AutomationTesting.Practice.index [main] India
2022-05-23 15:26:00,489 [INFO ] AutomationTesting.Practice.index [main] Japan
2022-05-23 15:26:00,508 [INFO ] AutomationTesting.Practice.index [main] Netherlands
2022-05-23 15:26:00,528 [INFO ] AutomationTesting.Practice.index [main] New Zealand
2022-05-23 15:26:00,552 [INFO ] AutomationTesting.Practice.index [main] South Africa
2022-05-23 15:26:00,569 [INFO ] AutomationTesting.Practice.index [main] United States of America
2022-05-23 15:26:00,640 [INFO ] AutomationTesting.Practice.index [main] Select Skills
2022-05-23 15:26:00,658 [INFO ] AutomationTesting.Practice.index [main] Adobe InDesign
2022-05-23 15:26:00,680 [INFO ] AutomationTesting.Practice.index [main] Adobe Photoshop
2022-05-23 15:26:00,702 [INFO ] AutomationTesting.Practice.index [main] Analytics
2022-05-23 15:26:00,721 [INFO ] AutomationTesting.Practice.index [main] Android
2022-05-23 15:26:00,737 [INFO ] AutomationTesting.Practice.index [main] APIs
2022-05-23 15:26:00,752 [INFO ] AutomationTesting.Practice.index [main] Art Design
2022-05-23 15:26:00,766 [INFO ] AutomationTesting.Practice.index [main] AutoCAD
2022-05-23 15:26:00,783 [INFO ] AutomationTesting.Practice.index [main] Backup Management
2022-05-23 15:26:00,799 [INFO ] AutomationTesting.Practice.index [main] C
2022-05-23 15:26:00,814 [INFO ] AutomationTesting.Practice.index [main] C++
2022-05-23 15:26:00,830 [INFO ] AutomationTesting.Practice.index [main] Certifications
2022-05-23 15:26:00,846 [INFO ] AutomationTesting.Practice.index [main] Client Server
2022-05-23 15:26:00,862 [INFO ] AutomationTesting.Practice.index [main] Client Support
2022-05-23 15:26:00,878 [INFO ] AutomationTesting.Practice.index [main] Configuration
2022-05-23 15:26:00,895 [INFO ] AutomationTesting.Practice.index [main] Content Managment
2022-05-23 15:26:00,919 [INFO ] AutomationTesting.Practice.index [main] Content Management Systems (CMS)
2022-05-23 15:26:00,946 [INFO ] AutomationTesting.Practice.index [main] Corel Draw
2022-05-23 15:26:00,972 [INFO ] AutomationTesting.Practice.index [main] Corel Word Perfect
2022-05-23 15:26:00,995 [INFO ] AutomationTesting.Practice.index [main] CSS
2022-05-23 15:26:01,015 [INFO ] AutomationTesting.Practice.index [main] Data Analytics
2022-05-23 15:26:01,038 [INFO ] AutomationTesting.Practice.index [main] Desktop Publishing
2022-05-23 15:26:01,062 [INFO ] AutomationTesting.Practice.index [main] Design
2022-05-23 15:26:01,091 [INFO ] AutomationTesting.Practice.index [main] Diagnostics
2022-05-23 15:26:01,113 [INFO ] AutomationTesting.Practice.index [main] Documentation
2022-05-23 15:26:01,132 [INFO ] AutomationTesting.Practice.index [main] End User Support
2022-05-23 15:26:01,152 [INFO ] AutomationTesting.Practice.index [main] Email
2022-05-23 15:26:01,170 [INFO ] AutomationTesting.Practice.index [main] Engineering
2022-05-23 15:26:01,188 [INFO ] AutomationTesting.Practice.index [main] Excel
2022-05-23 15:26:01,206 [INFO ] AutomationTesting.Practice.index [main] FileMaker Pro
2022-05-23 15:26:01,225 [INFO ] AutomationTesting.Practice.index [main] Fortran
2022-05-23 15:26:01,245 [INFO ] AutomationTesting.Practice.index [main] HTML
2022-05-23 15:26:01,267 [INFO ] AutomationTesting.Practice.index [main] Implementation
2022-05-23 15:26:01,290 [INFO ] AutomationTesting.Practice.index [main] Installation
2022-05-23 15:26:01,312 [INFO ] AutomationTesting.Practice.index [main] Internet
2022-05-23 15:26:01,334 [INFO ] AutomationTesting.Practice.index [main] iOS
2022-05-23 15:26:01,356 [INFO ] AutomationTesting.Practice.index [main] iPhone
2022-05-23 15:26:01,378 [INFO ] AutomationTesting.Practice.index [main] Linux
2022-05-23 15:26:01,399 [INFO ] AutomationTesting.Practice.index [main] Java
2022-05-23 15:26:01,448 [INFO ] AutomationTesting.Practice.index [main] Javascript
2022-05-23 15:26:01,475 [INFO ] AutomationTesting.Practice.index [main] Mac
2022-05-23 15:26:01,495 [INFO ] AutomationTesting.Practice.index [main] Matlab
2022-05-23 15:26:01,515 [INFO ] AutomationTesting.Practice.index [main] Maya
2022-05-23 15:26:01,534 [INFO ] AutomationTesting.Practice.index [main] Microsoft Excel
2022-05-23 15:26:01,555 [INFO ] AutomationTesting.Practice.index [main] Microsoft Office
2022-05-23 15:26:01,575 [INFO ] AutomationTesting.Practice.index [main] Microsoft Outlook
2022-05-23 15:26:01,595 [INFO ] AutomationTesting.Practice.index [main] Microsoft Publisher
2022-05-23 15:26:01,616 [INFO ] AutomationTesting.Practice.index [main] Microsoft Word
2022-05-23 15:26:01,635 [INFO ] AutomationTesting.Practice.index [main] Microsoft Visual
2022-05-23 15:26:01,657 [INFO ] AutomationTesting.Practice.index [main] Mobile
2022-05-23 15:26:01,679 [INFO ] AutomationTesting.Practice.index [main] MySQL
2022-05-23 15:26:01,701 [INFO ] AutomationTesting.Practice.index [main] Networks
2022-05-23 15:26:01,723 [INFO ] AutomationTesting.Practice.index [main] Open Source Software
2022-05-23 15:26:01,752 [INFO ] AutomationTesting.Practice.index [main] Oracle
2022-05-23 15:26:01,778 [INFO ] AutomationTesting.Practice.index [main] Perl
2022-05-23 15:26:01,801 [INFO ] AutomationTesting.Practice.index [main] PHP
2022-05-23 15:26:01,823 [INFO ] AutomationTesting.Practice.index [main] Presentations
2022-05-23 15:26:01,847 [INFO ] AutomationTesting.Practice.index [main] Processing
2022-05-23 15:26:01,870 [INFO ] AutomationTesting.Practice.index [main] Programming
2022-05-23 15:26:01,893 [INFO ] AutomationTesting.Practice.index [main] PT Modeler
2022-05-23 15:26:01,919 [INFO ] AutomationTesting.Practice.index [main] Python
2022-05-23 15:26:01,941 [INFO ] AutomationTesting.Practice.index [main] QuickBooks
2022-05-23 15:26:01,964 [INFO ] AutomationTesting.Practice.index [main] Ruby
2022-05-23 15:26:01,987 [INFO ] AutomationTesting.Practice.index [main] Shade
2022-05-23 15:26:02,012 [INFO ] AutomationTesting.Practice.index [main] Software
2022-05-23 15:26:02,036 [INFO ] AutomationTesting.Practice.index [main] Spreadsheet
2022-05-23 15:26:02,063 [INFO ] AutomationTesting.Practice.index [main] SQL
2022-05-23 15:26:02,088 [INFO ] AutomationTesting.Practice.index [main] Support
2022-05-23 15:26:02,112 [INFO ] AutomationTesting.Practice.index [main] Systems Administration
2022-05-23 15:26:02,136 [INFO ] AutomationTesting.Practice.index [main] Tech Support
2022-05-23 15:26:02,160 [INFO ] AutomationTesting.Practice.index [main] Troubleshooting
2022-05-23 15:26:02,184 [INFO ] AutomationTesting.Practice.index [main] Unix
2022-05-23 15:26:02,208 [INFO ] AutomationTesting.Practice.index [main] UI / UX
2022-05-23 15:26:02,235 [INFO ] AutomationTesting.Practice.index [main] Web Page Design
2022-05-23 15:26:02,260 [INFO ] AutomationTesting.Practice.index [main] Windows
2022-05-23 15:26:02,286 [INFO ] AutomationTesting.Practice.index [main] Word Processing
2022-05-23 15:26:02,312 [INFO ] AutomationTesting.Practice.index [main] XML
2022-05-23 15:26:02,338 [INFO ] AutomationTesting.Practice.index [main] XHTML
2022-05-23 18:03:31,512 [INFO ] AutomationTesting.Practice.index [main] Index
2022-05-23 18:03:37,240 [INFO ] AutomationTesting.Practice.index [main] Register
2022-05-23 18:03:38,138 [INFO ] AutomationTesting.Practice.index [main] emaliTooltipText is:
2022-05-23 18:03:40,143 [INFO ] AutomationTesting.Practice.index [main] Options:Male
2022-05-23 18:03:40,330 [INFO ] AutomationTesting.Practice.index [main] Options:FeMale
2022-05-23 18:03:40,920 [INFO ] AutomationTesting.Practice.index [main] 
2022-05-23 18:03:40,957 [INFO ] AutomationTesting.Practice.index [main] Australia
2022-05-23 18:03:40,992 [INFO ] AutomationTesting.Practice.index [main] Bangladesh
2022-05-23 18:03:41,032 [INFO ] AutomationTesting.Practice.index [main] Denmark
2022-05-23 18:03:41,067 [INFO ] AutomationTesting.Practice.index [main] Hong Kong
2022-05-23 18:03:41,100 [INFO ] AutomationTesting.Practice.index [main] India
2022-05-23 18:03:41,184 [INFO ] AutomationTesting.Practice.index [main] Japan
2022-05-23 18:03:41,221 [INFO ] AutomationTesting.Practice.index [main] Netherlands
2022-05-23 18:03:41,257 [INFO ] AutomationTesting.Practice.index [main] New Zealand
2022-05-23 18:03:41,289 [INFO ] AutomationTesting.Practice.index [main] South Africa
2022-05-23 18:03:41,331 [INFO ] AutomationTesting.Practice.index [main] United States of America
2022-05-23 18:03:41,496 [INFO ] AutomationTesting.Practice.index [main] Select Skills
2022-05-23 18:03:41,542 [INFO ] AutomationTesting.Practice.index [main] Adobe InDesign
2022-05-23 18:03:41,596 [INFO ] AutomationTesting.Practice.index [main] Adobe Photoshop
2022-05-23 18:03:41,641 [INFO ] AutomationTesting.Practice.index [main] Analytics
2022-05-23 18:03:41,676 [INFO ] AutomationTesting.Practice.index [main] Android
2022-05-23 18:03:41,707 [INFO ] AutomationTesting.Practice.index [main] APIs
2022-05-23 18:03:41,744 [INFO ] AutomationTesting.Practice.index [main] Art Design
2022-05-23 18:03:41,774 [INFO ] AutomationTesting.Practice.index [main] AutoCAD
2022-05-23 18:03:41,809 [INFO ] AutomationTesting.Practice.index [main] Backup Management
2022-05-23 18:03:41,842 [INFO ] AutomationTesting.Practice.index [main] C
2022-05-23 18:03:41,874 [INFO ] AutomationTesting.Practice.index [main] C++
2022-05-23 18:03:41,915 [INFO ] AutomationTesting.Practice.index [main] Certifications
2022-05-23 18:03:41,964 [INFO ] AutomationTesting.Practice.index [main] Client Server
2022-05-23 18:03:42,006 [INFO ] AutomationTesting.Practice.index [main] Client Support
2022-05-23 18:03:42,040 [INFO ] AutomationTesting.Practice.index [main] Configuration
2022-05-23 18:03:42,074 [INFO ] AutomationTesting.Practice.index [main] Content Managment
2022-05-23 18:03:42,110 [INFO ] AutomationTesting.Practice.index [main] Content Management Systems (CMS)
2022-05-23 18:03:42,151 [INFO ] AutomationTesting.Practice.index [main] Corel Draw
2022-05-23 18:03:42,190 [INFO ] AutomationTesting.Practice.index [main] Corel Word Perfect
2022-05-23 18:03:42,233 [INFO ] AutomationTesting.Practice.index [main] CSS
2022-05-23 18:03:42,273 [INFO ] AutomationTesting.Practice.index [main] Data Analytics
2022-05-23 18:03:42,316 [INFO ] AutomationTesting.Practice.index [main] Desktop Publishing
2022-05-23 18:03:42,360 [INFO ] AutomationTesting.Practice.index [main] Design
2022-05-23 18:03:42,400 [INFO ] AutomationTesting.Practice.index [main] Diagnostics
2022-05-23 18:03:42,439 [INFO ] AutomationTesting.Practice.index [main] Documentation
2022-05-23 18:03:42,474 [INFO ] AutomationTesting.Practice.index [main] End User Support
2022-05-23 18:03:42,509 [INFO ] AutomationTesting.Practice.index [main] Email
2022-05-23 18:03:42,543 [INFO ] AutomationTesting.Practice.index [main] Engineering
2022-05-23 18:03:42,576 [INFO ] AutomationTesting.Practice.index [main] Excel
2022-05-23 18:03:42,609 [INFO ] AutomationTesting.Practice.index [main] FileMaker Pro
2022-05-23 18:03:42,643 [INFO ] AutomationTesting.Practice.index [main] Fortran
2022-05-23 18:03:42,679 [INFO ] AutomationTesting.Practice.index [main] HTML
2022-05-23 18:03:42,712 [INFO ] AutomationTesting.Practice.index [main] Implementation
2022-05-23 18:03:42,755 [INFO ] AutomationTesting.Practice.index [main] Installation
2022-05-23 18:03:42,791 [INFO ] AutomationTesting.Practice.index [main] Internet
2022-05-23 18:03:42,822 [INFO ] AutomationTesting.Practice.index [main] iOS
2022-05-23 18:03:42,854 [INFO ] AutomationTesting.Practice.index [main] iPhone
2022-05-23 18:03:42,888 [INFO ] AutomationTesting.Practice.index [main] Linux
2022-05-23 18:03:42,922 [INFO ] AutomationTesting.Practice.index [main] Java
2022-05-23 18:03:43,002 [INFO ] AutomationTesting.Practice.index [main] Javascript
2022-05-23 18:03:43,037 [INFO ] AutomationTesting.Practice.index [main] Mac
2022-05-23 18:03:43,071 [INFO ] AutomationTesting.Practice.index [main] Matlab
2022-05-23 18:03:43,107 [INFO ] AutomationTesting.Practice.index [main] Maya
2022-05-23 18:03:43,141 [INFO ] AutomationTesting.Practice.index [main] Microsoft Excel
2022-05-23 18:03:43,193 [INFO ] AutomationTesting.Practice.index [main] Microsoft Office
2022-05-23 18:03:43,227 [INFO ] AutomationTesting.Practice.index [main] Microsoft Outlook
2022-05-23 18:03:43,263 [INFO ] AutomationTesting.Practice.index [main] Microsoft Publisher
2022-05-23 18:03:43,299 [INFO ] AutomationTesting.Practice.index [main] Microsoft Word
2022-05-23 18:03:43,334 [INFO ] AutomationTesting.Practice.index [main] Microsoft Visual
2022-05-23 18:03:43,369 [INFO ] AutomationTesting.Practice.index [main] Mobile
2022-05-23 18:03:43,406 [INFO ] AutomationTesting.Practice.index [main] MySQL
2022-05-23 18:03:43,451 [INFO ] AutomationTesting.Practice.index [main] Networks
2022-05-23 18:03:43,488 [INFO ] AutomationTesting.Practice.index [main] Open Source Software
2022-05-23 18:03:43,523 [INFO ] AutomationTesting.Practice.index [main] Oracle
2022-05-23 18:03:43,556 [INFO ] AutomationTesting.Practice.index [main] Perl
2022-05-23 18:03:43,587 [INFO ] AutomationTesting.Practice.index [main] PHP
2022-05-23 18:03:43,621 [INFO ] AutomationTesting.Practice.index [main] Presentations
2022-05-23 18:03:43,654 [INFO ] AutomationTesting.Practice.index [main] Processing
2022-05-23 18:03:43,686 [INFO ] AutomationTesting.Practice.index [main] Programming
2022-05-23 18:03:43,719 [INFO ] AutomationTesting.Practice.index [main] PT Modeler
2022-05-23 18:03:43,754 [INFO ] AutomationTesting.Practice.index [main] Python
2022-05-23 18:03:43,794 [INFO ] AutomationTesting.Practice.index [main] QuickBooks
2022-05-23 18:03:43,825 [INFO ] AutomationTesting.Practice.index [main] Ruby
2022-05-23 18:03:43,862 [INFO ] AutomationTesting.Practice.index [main] Shade
2022-05-23 18:03:43,897 [INFO ] AutomationTesting.Practice.index [main] Software
2022-05-23 18:03:43,953 [INFO ] AutomationTesting.Practice.index [main] Spreadsheet
2022-05-23 18:03:43,988 [INFO ] AutomationTesting.Practice.index [main] SQL
2022-05-23 18:03:44,020 [INFO ] AutomationTesting.Practice.index [main] Support
2022-05-23 18:03:44,055 [INFO ] AutomationTesting.Practice.index [main] Systems Administration
2022-05-23 18:03:44,089 [INFO ] AutomationTesting.Practice.index [main] Tech Support
2022-05-23 18:03:44,123 [INFO ] AutomationTesting.Practice.index [main] Troubleshooting
2022-05-23 18:03:44,158 [INFO ] AutomationTesting.Practice.index [main] Unix
2022-05-23 18:03:44,191 [INFO ] AutomationTesting.Practice.index [main] UI / UX
2022-05-23 18:03:44,224 [INFO ] AutomationTesting.Practice.index [main] Web Page Design
2022-05-23 18:03:44,262 [INFO ] AutomationTesting.Practice.index [main] Windows
2022-05-23 18:03:44,297 [INFO ] AutomationTesting.Practice.index [main] Word Processing
2022-05-23 18:03:44,332 [INFO ] AutomationTesting.Practice.index [main] XML
2022-05-23 18:03:44,364 [INFO ] AutomationTesting.Practice.index [main] XHTML
2022-05-23 18:03:45,228 [INFO ] AutomationTesting.Practice.index [main] 41
2022-05-23 18:03:45,293 [INFO ] AutomationTesting.Practice.index [main] Arabic
2022-05-23 18:03:45,413 [INFO ] AutomationTesting.Practice.index [main] Bulgarian
2022-05-23 18:03:45,510 [INFO ] AutomationTesting.Practice.index [main] Catalan
2022-05-23 18:03:45,620 [INFO ] AutomationTesting.Practice.index [main] Croatian
2022-05-23 18:03:45,743 [INFO ] AutomationTesting.Practice.index [main] Czech
2022-05-23 18:03:45,846 [INFO ] AutomationTesting.Practice.index [main] Danish
2022-05-23 18:03:45,940 [INFO ] AutomationTesting.Practice.index [main] Dutch
2022-05-23 18:03:46,047 [INFO ] AutomationTesting.Practice.index [main] English
2022-05-23 18:03:46,231 [INFO ] AutomationTesting.Practice.index [main] Estonian
2022-05-23 18:03:46,349 [INFO ] AutomationTesting.Practice.index [main] Filipino
2022-05-23 18:03:46,458 [INFO ] AutomationTesting.Practice.index [main] Finnish
2022-05-23 18:03:46,592 [INFO ] AutomationTesting.Practice.index [main] French
2022-05-23 18:03:46,708 [INFO ] AutomationTesting.Practice.index [main] German
2022-05-23 18:03:46,898 [INFO ] AutomationTesting.Practice.index [main] Greek
2022-05-23 18:03:46,990 [INFO ] AutomationTesting.Practice.index [main] Hebrew
2022-05-23 18:03:47,095 [INFO ] AutomationTesting.Practice.index [main] Hindi
2022-05-23 18:03:47,187 [INFO ] AutomationTesting.Practice.index [main] Hungarian
2022-05-23 18:03:47,286 [INFO ] AutomationTesting.Practice.index [main] Icelandic
2022-05-23 18:03:47,386 [INFO ] AutomationTesting.Practice.index [main] Indonesian
2022-05-23 18:03:47,481 [INFO ] AutomationTesting.Practice.index [main] Italian
2022-05-23 18:03:47,579 [INFO ] AutomationTesting.Practice.index [main] Japanese
2022-05-23 18:03:47,678 [INFO ] AutomationTesting.Practice.index [main] Korean
2022-05-23 18:03:47,784 [INFO ] AutomationTesting.Practice.index [main] Latvian
2022-05-23 18:03:47,886 [INFO ] AutomationTesting.Practice.index [main] Lithuanian
2022-05-23 18:03:48,007 [INFO ] AutomationTesting.Practice.index [main] Malay
2022-05-23 18:03:48,127 [INFO ] AutomationTesting.Practice.index [main] Norwegian
2022-05-23 18:03:48,253 [INFO ] AutomationTesting.Practice.index [main] Persian
2022-05-23 18:03:48,379 [INFO ] AutomationTesting.Practice.index [main] Polish
2022-05-23 18:03:48,495 [INFO ] AutomationTesting.Practice.index [main] Portuguese
2022-05-23 18:03:48,609 [INFO ] AutomationTesting.Practice.index [main] Romanian
2022-05-23 18:03:48,732 [INFO ] AutomationTesting.Practice.index [main] Russian
2022-05-23 18:03:48,847 [INFO ] AutomationTesting.Practice.index [main] Serbian
2022-05-23 18:03:48,939 [INFO ] AutomationTesting.Practice.index [main] Slovak
2022-05-23 18:03:49,036 [INFO ] AutomationTesting.Practice.index [main] Slovenian
2022-05-23 18:03:49,126 [INFO ] AutomationTesting.Practice.index [main] Spanish
2022-05-23 18:03:49,227 [INFO ] AutomationTesting.Practice.index [main] Swedish
2022-05-23 18:03:49,325 [INFO ] AutomationTesting.Practice.index [main] Thai
2022-05-23 18:03:49,426 [INFO ] AutomationTesting.Practice.index [main] Turkish
2022-05-23 18:03:49,527 [INFO ] AutomationTesting.Practice.index [main] Ukrainian
2022-05-23 18:03:49,638 [INFO ] AutomationTesting.Practice.index [main] Urdu
2022-05-23 18:03:49,742 [INFO ] AutomationTesting.Practice.index [main] Vietnamese
2022-05-23 18:08:15,828 [INFO ] AutomationTesting.Practice.index [main] Index
2022-05-23 18:08:22,603 [INFO ] AutomationTesting.Practice.index [main] Register
2022-05-23 18:08:22,874 [INFO ] AutomationTesting.Practice.index [main] emaliTooltipText is:
2022-05-23 18:08:23,797 [INFO ] AutomationTesting.Practice.index [main] Options:Male
2022-05-23 18:08:23,938 [INFO ] AutomationTesting.Practice.index [main] Options:FeMale
2022-05-23 18:08:24,183 [INFO ] AutomationTesting.Practice.index [main] 
2022-05-23 18:08:24,203 [INFO ] AutomationTesting.Practice.index [main] Australia
2022-05-23 18:08:24,223 [INFO ] AutomationTesting.Practice.index [main] Bangladesh
2022-05-23 18:08:24,242 [INFO ] AutomationTesting.Practice.index [main] Denmark
2022-05-23 18:08:24,258 [INFO ] AutomationTesting.Practice.index [main] Hong Kong
2022-05-23 18:08:24,274 [INFO ] AutomationTesting.Practice.index [main] India
2022-05-23 18:08:24,311 [INFO ] AutomationTesting.Practice.index [main] Japan
2022-05-23 18:08:24,326 [INFO ] AutomationTesting.Practice.index [main] Netherlands
2022-05-23 18:08:24,341 [INFO ] AutomationTesting.Practice.index [main] New Zealand
2022-05-23 18:08:24,356 [INFO ] AutomationTesting.Practice.index [main] South Africa
2022-05-23 18:08:24,371 [INFO ] AutomationTesting.Practice.index [main] United States of America
2022-05-23 18:08:24,430 [INFO ] AutomationTesting.Practice.index [main] Select Skills
2022-05-23 18:08:24,447 [INFO ] AutomationTesting.Practice.index [main] Adobe InDesign
2022-05-23 18:08:24,464 [INFO ] AutomationTesting.Practice.index [main] Adobe Photoshop
2022-05-23 18:08:24,487 [INFO ] AutomationTesting.Practice.index [main] Analytics
2022-05-23 18:08:24,504 [INFO ] AutomationTesting.Practice.index [main] Android
2022-05-23 18:08:24,519 [INFO ] AutomationTesting.Practice.index [main] APIs
2022-05-23 18:08:24,533 [INFO ] AutomationTesting.Practice.index [main] Art Design
2022-05-23 18:08:24,549 [INFO ] AutomationTesting.Practice.index [main] AutoCAD
2022-05-23 18:08:24,566 [INFO ] AutomationTesting.Practice.index [main] Backup Management
2022-05-23 18:08:24,586 [INFO ] AutomationTesting.Practice.index [main] C
2022-05-23 18:08:24,612 [INFO ] AutomationTesting.Practice.index [main] C++
2022-05-23 18:08:24,634 [INFO ] AutomationTesting.Practice.index [main] Certifications
2022-05-23 18:08:24,656 [INFO ] AutomationTesting.Practice.index [main] Client Server
2022-05-23 18:08:24,678 [INFO ] AutomationTesting.Practice.index [main] Client Support
2022-05-23 18:08:24,702 [INFO ] AutomationTesting.Practice.index [main] Configuration
2022-05-23 18:08:24,723 [INFO ] AutomationTesting.Practice.index [main] Content Managment
2022-05-23 18:08:24,744 [INFO ] AutomationTesting.Practice.index [main] Content Management Systems (CMS)
2022-05-23 18:08:24,766 [INFO ] AutomationTesting.Practice.index [main] Corel Draw
2022-05-23 18:08:24,792 [INFO ] AutomationTesting.Practice.index [main] Corel Word Perfect
2022-05-23 18:08:24,815 [INFO ] AutomationTesting.Practice.index [main] CSS
2022-05-23 18:08:24,838 [INFO ] AutomationTesting.Practice.index [main] Data Analytics
2022-05-23 18:08:24,860 [INFO ] AutomationTesting.Practice.index [main] Desktop Publishing
2022-05-23 18:08:24,881 [INFO ] AutomationTesting.Practice.index [main] Design
2022-05-23 18:08:24,901 [INFO ] AutomationTesting.Practice.index [main] Diagnostics
2022-05-23 18:08:24,922 [INFO ] AutomationTesting.Practice.index [main] Documentation
2022-05-23 18:08:24,941 [INFO ] AutomationTesting.Practice.index [main] End User Support
2022-05-23 18:08:24,960 [INFO ] AutomationTesting.Practice.index [main] Email
2022-05-23 18:08:24,979 [INFO ] AutomationTesting.Practice.index [main] Engineering
2022-05-23 18:08:24,997 [INFO ] AutomationTesting.Practice.index [main] Excel
2022-05-23 18:08:25,014 [INFO ] AutomationTesting.Practice.index [main] FileMaker Pro
2022-05-23 18:08:25,037 [INFO ] AutomationTesting.Practice.index [main] Fortran
2022-05-23 18:08:25,056 [INFO ] AutomationTesting.Practice.index [main] HTML
2022-05-23 18:08:25,073 [INFO ] AutomationTesting.Practice.index [main] Implementation
2022-05-23 18:08:25,090 [INFO ] AutomationTesting.Practice.index [main] Installation
2022-05-23 18:08:25,107 [INFO ] AutomationTesting.Practice.index [main] Internet
2022-05-23 18:08:25,124 [INFO ] AutomationTesting.Practice.index [main] iOS
2022-05-23 18:08:25,138 [INFO ] AutomationTesting.Practice.index [main] iPhone
2022-05-23 18:08:25,154 [INFO ] AutomationTesting.Practice.index [main] Linux
2022-05-23 18:08:25,169 [INFO ] AutomationTesting.Practice.index [main] Java
2022-05-23 18:08:25,207 [INFO ] AutomationTesting.Practice.index [main] Javascript
2022-05-23 18:08:25,224 [INFO ] AutomationTesting.Practice.index [main] Mac
2022-05-23 18:08:25,240 [INFO ] AutomationTesting.Practice.index [main] Matlab
2022-05-23 18:08:25,257 [INFO ] AutomationTesting.Practice.index [main] Maya
2022-05-23 18:08:25,276 [INFO ] AutomationTesting.Practice.index [main] Microsoft Excel
2022-05-23 18:08:25,292 [INFO ] AutomationTesting.Practice.index [main] Microsoft Office
2022-05-23 18:08:25,315 [INFO ] AutomationTesting.Practice.index [main] Microsoft Outlook
2022-05-23 18:08:25,334 [INFO ] AutomationTesting.Practice.index [main] Microsoft Publisher
2022-05-23 18:08:25,350 [INFO ] AutomationTesting.Practice.index [main] Microsoft Word
2022-05-23 18:08:25,366 [INFO ] AutomationTesting.Practice.index [main] Microsoft Visual
2022-05-23 18:08:25,382 [INFO ] AutomationTesting.Practice.index [main] Mobile
2022-05-23 18:08:25,399 [INFO ] AutomationTesting.Practice.index [main] MySQL
2022-05-23 18:08:25,416 [INFO ] AutomationTesting.Practice.index [main] Networks
2022-05-23 18:08:25,433 [INFO ] AutomationTesting.Practice.index [main] Open Source Software
2022-05-23 18:08:25,450 [INFO ] AutomationTesting.Practice.index [main] Oracle
2022-05-23 18:08:25,466 [INFO ] AutomationTesting.Practice.index [main] Perl
2022-05-23 18:08:25,484 [INFO ] AutomationTesting.Practice.index [main] PHP
2022-05-23 18:08:25,500 [INFO ] AutomationTesting.Practice.index [main] Presentations
2022-05-23 18:08:25,518 [INFO ] AutomationTesting.Practice.index [main] Processing
2022-05-23 18:08:25,533 [INFO ] AutomationTesting.Practice.index [main] Programming
2022-05-23 18:08:25,548 [INFO ] AutomationTesting.Practice.index [main] PT Modeler
2022-05-23 18:08:25,564 [INFO ] AutomationTesting.Practice.index [main] Python
2022-05-23 18:08:25,581 [INFO ] AutomationTesting.Practice.index [main] QuickBooks
2022-05-23 18:08:25,597 [INFO ] AutomationTesting.Practice.index [main] Ruby
2022-05-23 18:08:25,613 [INFO ] AutomationTesting.Practice.index [main] Shade
2022-05-23 18:08:25,630 [INFO ] AutomationTesting.Practice.index [main] Software
2022-05-23 18:08:25,648 [INFO ] AutomationTesting.Practice.index [main] Spreadsheet
2022-05-23 18:08:25,668 [INFO ] AutomationTesting.Practice.index [main] SQL
2022-05-23 18:08:25,685 [INFO ] AutomationTesting.Practice.index [main] Support
2022-05-23 18:08:25,703 [INFO ] AutomationTesting.Practice.index [main] Systems Administration
2022-05-23 18:08:25,719 [INFO ] AutomationTesting.Practice.index [main] Tech Support
2022-05-23 18:08:25,736 [INFO ] AutomationTesting.Practice.index [main] Troubleshooting
2022-05-23 18:08:25,753 [INFO ] AutomationTesting.Practice.index [main] Unix
2022-05-23 18:08:25,770 [INFO ] AutomationTesting.Practice.index [main] UI / UX
2022-05-23 18:08:25,785 [INFO ] AutomationTesting.Practice.index [main] Web Page Design
2022-05-23 18:08:25,803 [INFO ] AutomationTesting.Practice.index [main] Windows
2022-05-23 18:08:25,820 [INFO ] AutomationTesting.Practice.index [main] Word Processing
2022-05-23 18:08:25,836 [INFO ] AutomationTesting.Practice.index [main] XML
2022-05-23 18:08:25,854 [INFO ] AutomationTesting.Practice.index [main] XHTML
2022-05-23 18:08:26,240 [INFO ] AutomationTesting.Practice.index [main] 41
2022-05-23 18:08:26,271 [INFO ] AutomationTesting.Practice.index [main] Arabic
2022-05-23 18:08:26,333 [INFO ] AutomationTesting.Practice.index [main] Bulgarian
2022-05-23 18:08:26,380 [INFO ] AutomationTesting.Practice.index [main] Catalan
2022-05-23 18:08:26,434 [INFO ] AutomationTesting.Practice.index [main] Croatian
2022-05-23 18:08:26,489 [INFO ] AutomationTesting.Practice.index [main] Czech
2022-05-23 18:08:26,538 [INFO ] AutomationTesting.Practice.index [main] Danish
2022-05-23 18:08:26,585 [INFO ] AutomationTesting.Practice.index [main] Dutch
2022-05-23 18:08:26,634 [INFO ] AutomationTesting.Practice.index [main] English
2022-05-23 18:08:26,710 [INFO ] AutomationTesting.Practice.index [main] Estonian
2022-05-23 18:08:26,769 [INFO ] AutomationTesting.Practice.index [main] Filipino
2022-05-23 18:08:26,825 [INFO ] AutomationTesting.Practice.index [main] Finnish
2022-05-23 18:08:26,872 [INFO ] AutomationTesting.Practice.index [main] French
2022-05-23 18:08:26,928 [INFO ] AutomationTesting.Practice.index [main] German
2022-05-23 18:08:27,020 [INFO ] AutomationTesting.Practice.index [main] Greek
2022-05-23 18:08:27,068 [INFO ] AutomationTesting.Practice.index [main] Hebrew
2022-05-23 18:08:27,115 [INFO ] AutomationTesting.Practice.index [main] Hindi
2022-05-23 18:08:27,161 [INFO ] AutomationTesting.Practice.index [main] Hungarian
2022-05-23 18:08:27,208 [INFO ] AutomationTesting.Practice.index [main] Icelandic
2022-05-23 18:08:27,258 [INFO ] AutomationTesting.Practice.index [main] Indonesian
2022-05-23 18:08:27,313 [INFO ] AutomationTesting.Practice.index [main] Italian
2022-05-23 18:08:27,365 [INFO ] AutomationTesting.Practice.index [main] Japanese
2022-05-23 18:08:27,428 [INFO ] AutomationTesting.Practice.index [main] Korean
2022-05-23 18:08:27,507 [INFO ] AutomationTesting.Practice.index [main] Latvian
2022-05-23 18:08:27,576 [INFO ] AutomationTesting.Practice.index [main] Lithuanian
2022-05-23 18:08:27,672 [INFO ] AutomationTesting.Practice.index [main] Malay
2022-05-23 18:08:27,784 [INFO ] AutomationTesting.Practice.index [main] Norwegian
2022-05-23 18:08:27,888 [INFO ] AutomationTesting.Practice.index [main] Persian
2022-05-23 18:08:27,971 [INFO ] AutomationTesting.Practice.index [main] Polish
2022-05-23 18:08:28,041 [INFO ] AutomationTesting.Practice.index [main] Portuguese
2022-05-23 18:08:28,110 [INFO ] AutomationTesting.Practice.index [main] Romanian
2022-05-23 18:08:28,184 [INFO ] AutomationTesting.Practice.index [main] Russian
2022-05-23 18:08:28,251 [INFO ] AutomationTesting.Practice.index [main] Serbian
2022-05-23 18:08:28,318 [INFO ] AutomationTesting.Practice.index [main] Slovak
2022-05-23 18:08:28,387 [INFO ] AutomationTesting.Practice.index [main] Slovenian
2022-05-23 18:08:28,466 [INFO ] AutomationTesting.Practice.index [main] Spanish
2022-05-23 18:08:28,539 [INFO ] AutomationTesting.Practice.index [main] Swedish
2022-05-23 18:08:28,611 [INFO ] AutomationTesting.Practice.index [main] Thai
2022-05-23 18:08:28,679 [INFO ] AutomationTesting.Practice.index [main] Turkish
2022-05-23 18:08:28,748 [INFO ] AutomationTesting.Practice.index [main] Ukrainian
2022-05-23 18:08:28,816 [INFO ] AutomationTesting.Practice.index [main] Urdu
2022-05-23 18:08:28,874 [INFO ] AutomationTesting.Practice.index [main] Vietnamese
2022-05-23 18:09:37,381 [INFO ] AutomationTesting.Practice.index [main] Index
2022-05-23 18:09:40,239 [INFO ] AutomationTesting.Practice.index [main] Register
2022-05-23 18:09:40,506 [INFO ] AutomationTesting.Practice.index [main] emaliTooltipText is:
2022-05-23 18:09:41,229 [INFO ] AutomationTesting.Practice.index [main] Options:Male
2022-05-23 18:09:41,335 [INFO ] AutomationTesting.Practice.index [main] Options:FeMale
2022-05-23 18:09:41,619 [INFO ] AutomationTesting.Practice.index [main] 
2022-05-23 18:09:41,645 [INFO ] AutomationTesting.Practice.index [main] Australia
2022-05-23 18:09:41,669 [INFO ] AutomationTesting.Practice.index [main] Bangladesh
2022-05-23 18:09:41,696 [INFO ] AutomationTesting.Practice.index [main] Denmark
2022-05-23 18:09:41,725 [INFO ] AutomationTesting.Practice.index [main] Hong Kong
2022-05-23 18:09:41,746 [INFO ] AutomationTesting.Practice.index [main] India
2022-05-23 18:09:41,795 [INFO ] AutomationTesting.Practice.index [main] Japan
2022-05-23 18:09:41,814 [INFO ] AutomationTesting.Practice.index [main] Netherlands
2022-05-23 18:09:41,829 [INFO ] AutomationTesting.Practice.index [main] New Zealand
2022-05-23 18:09:41,846 [INFO ] AutomationTesting.Practice.index [main] South Africa
2022-05-23 18:09:41,861 [INFO ] AutomationTesting.Practice.index [main] United States of America
2022-05-23 18:09:41,929 [INFO ] AutomationTesting.Practice.index [main] Select Skills
2022-05-23 18:09:41,949 [INFO ] AutomationTesting.Practice.index [main] Adobe InDesign
2022-05-23 18:09:41,966 [INFO ] AutomationTesting.Practice.index [main] Adobe Photoshop
2022-05-23 18:09:41,983 [INFO ] AutomationTesting.Practice.index [main] Analytics
2022-05-23 18:09:42,001 [INFO ] AutomationTesting.Practice.index [main] Android
2022-05-23 18:09:42,019 [INFO ] AutomationTesting.Practice.index [main] APIs
2022-05-23 18:09:42,040 [INFO ] AutomationTesting.Practice.index [main] Art Design
2022-05-23 18:09:42,062 [INFO ] AutomationTesting.Practice.index [main] AutoCAD
2022-05-23 18:09:42,081 [INFO ] AutomationTesting.Practice.index [main] Backup Management
2022-05-23 18:09:42,099 [INFO ] AutomationTesting.Practice.index [main] C
2022-05-23 18:09:42,116 [INFO ] AutomationTesting.Practice.index [main] C++
2022-05-23 18:09:42,131 [INFO ] AutomationTesting.Practice.index [main] Certifications
2022-05-23 18:09:42,146 [INFO ] AutomationTesting.Practice.index [main] Client Server
2022-05-23 18:09:42,161 [INFO ] AutomationTesting.Practice.index [main] Client Support
2022-05-23 18:09:42,178 [INFO ] AutomationTesting.Practice.index [main] Configuration
2022-05-23 18:09:42,193 [INFO ] AutomationTesting.Practice.index [main] Content Managment
2022-05-23 18:09:42,209 [INFO ] AutomationTesting.Practice.index [main] Content Management Systems (CMS)
2022-05-23 18:09:42,225 [INFO ] AutomationTesting.Practice.index [main] Corel Draw
2022-05-23 18:09:42,241 [INFO ] AutomationTesting.Practice.index [main] Corel Word Perfect
2022-05-23 18:09:42,257 [INFO ] AutomationTesting.Practice.index [main] CSS
2022-05-23 18:09:42,274 [INFO ] AutomationTesting.Practice.index [main] Data Analytics
2022-05-23 18:09:42,290 [INFO ] AutomationTesting.Practice.index [main] Desktop Publishing
2022-05-23 18:09:42,307 [INFO ] AutomationTesting.Practice.index [main] Design
2022-05-23 18:09:42,323 [INFO ] AutomationTesting.Practice.index [main] Diagnostics
2022-05-23 18:09:42,339 [INFO ] AutomationTesting.Practice.index [main] Documentation
2022-05-23 18:09:42,357 [INFO ] AutomationTesting.Practice.index [main] End User Support
2022-05-23 18:09:42,374 [INFO ] AutomationTesting.Practice.index [main] Email
2022-05-23 18:09:42,391 [INFO ] AutomationTesting.Practice.index [main] Engineering
2022-05-23 18:09:42,407 [INFO ] AutomationTesting.Practice.index [main] Excel
2022-05-23 18:09:42,422 [INFO ] AutomationTesting.Practice.index [main] FileMaker Pro
2022-05-23 18:09:42,440 [INFO ] AutomationTesting.Practice.index [main] Fortran
2022-05-23 18:09:42,455 [INFO ] AutomationTesting.Practice.index [main] HTML
2022-05-23 18:09:42,472 [INFO ] AutomationTesting.Practice.index [main] Implementation
2022-05-23 18:09:42,489 [INFO ] AutomationTesting.Practice.index [main] Installation
2022-05-23 18:09:42,507 [INFO ] AutomationTesting.Practice.index [main] Internet
2022-05-23 18:09:42,527 [INFO ] AutomationTesting.Practice.index [main] iOS
2022-05-23 18:09:42,548 [INFO ] AutomationTesting.Practice.index [main] iPhone
2022-05-23 18:09:42,569 [INFO ] AutomationTesting.Practice.index [main] Linux
2022-05-23 18:09:42,591 [INFO ] AutomationTesting.Practice.index [main] Java
2022-05-23 18:09:42,639 [INFO ] AutomationTesting.Practice.index [main] Javascript
2022-05-23 18:09:42,661 [INFO ] AutomationTesting.Practice.index [main] Mac
2022-05-23 18:09:42,685 [INFO ] AutomationTesting.Practice.index [main] Matlab
2022-05-23 18:09:42,705 [INFO ] AutomationTesting.Practice.index [main] Maya
2022-05-23 18:09:42,726 [INFO ] AutomationTesting.Practice.index [main] Microsoft Excel
2022-05-23 18:09:42,750 [INFO ] AutomationTesting.Practice.index [main] Microsoft Office
2022-05-23 18:09:42,774 [INFO ] AutomationTesting.Practice.index [main] Microsoft Outlook
2022-05-23 18:09:42,794 [INFO ] AutomationTesting.Practice.index [main] Microsoft Publisher
2022-05-23 18:09:42,825 [INFO ] AutomationTesting.Practice.index [main] Microsoft Word
2022-05-23 18:09:42,842 [INFO ] AutomationTesting.Practice.index [main] Microsoft Visual
2022-05-23 18:09:42,859 [INFO ] AutomationTesting.Practice.index [main] Mobile
2022-05-23 18:09:42,876 [INFO ] AutomationTesting.Practice.index [main] MySQL
2022-05-23 18:09:42,892 [INFO ] AutomationTesting.Practice.index [main] Networks
2022-05-23 18:09:42,909 [INFO ] AutomationTesting.Practice.index [main] Open Source Software
2022-05-23 18:09:42,929 [INFO ] AutomationTesting.Practice.index [main] Oracle
2022-05-23 18:09:42,946 [INFO ] AutomationTesting.Practice.index [main] Perl
2022-05-23 18:09:42,963 [INFO ] AutomationTesting.Practice.index [main] PHP
2022-05-23 18:09:42,981 [INFO ] AutomationTesting.Practice.index [main] Presentations
2022-05-23 18:09:42,998 [INFO ] AutomationTesting.Practice.index [main] Processing
2022-05-23 18:09:43,014 [INFO ] AutomationTesting.Practice.index [main] Programming
2022-05-23 18:09:43,030 [INFO ] AutomationTesting.Practice.index [main] PT Modeler
2022-05-23 18:09:43,048 [INFO ] AutomationTesting.Practice.index [main] Python
2022-05-23 18:09:43,065 [INFO ] AutomationTesting.Practice.index [main] QuickBooks
2022-05-23 18:09:43,081 [INFO ] AutomationTesting.Practice.index [main] Ruby
2022-05-23 18:09:43,097 [INFO ] AutomationTesting.Practice.index [main] Shade
2022-05-23 18:09:43,114 [INFO ] AutomationTesting.Practice.index [main] Software
2022-05-23 18:09:43,133 [INFO ] AutomationTesting.Practice.index [main] Spreadsheet
2022-05-23 18:09:43,155 [INFO ] AutomationTesting.Practice.index [main] SQL
2022-05-23 18:09:43,178 [INFO ] AutomationTesting.Practice.index [main] Support
2022-05-23 18:09:43,198 [INFO ] AutomationTesting.Practice.index [main] Systems Administration
2022-05-23 18:09:43,216 [INFO ] AutomationTesting.Practice.index [main] Tech Support
2022-05-23 18:09:43,234 [INFO ] AutomationTesting.Practice.index [main] Troubleshooting
2022-05-23 18:09:43,255 [INFO ] AutomationTesting.Practice.index [main] Unix
2022-05-23 18:09:43,273 [INFO ] AutomationTesting.Practice.index [main] UI / UX
2022-05-23 18:09:43,299 [INFO ] AutomationTesting.Practice.index [main] Web Page Design
2022-05-23 18:09:43,319 [INFO ] AutomationTesting.Practice.index [main] Windows
2022-05-23 18:09:43,340 [INFO ] AutomationTesting.Practice.index [main] Word Processing
2022-05-23 18:09:43,361 [INFO ] AutomationTesting.Practice.index [main] XML
2022-05-23 18:09:43,382 [INFO ] AutomationTesting.Practice.index [main] XHTML
2022-05-23 18:09:43,821 [INFO ] AutomationTesting.Practice.index [main] 41
2022-05-23 18:09:43,851 [INFO ] AutomationTesting.Practice.index [main] Arabic
2022-05-23 18:09:43,969 [INFO ] AutomationTesting.Practice.index [main] Bulgarian
2022-05-23 18:09:44,031 [INFO ] AutomationTesting.Practice.index [main] Catalan
2022-05-23 18:09:44,095 [INFO ] AutomationTesting.Practice.index [main] Croatian
2022-05-23 18:09:44,151 [INFO ] AutomationTesting.Practice.index [main] Czech
2022-05-23 18:09:44,208 [INFO ] AutomationTesting.Practice.index [main] Danish
2022-05-23 18:09:44,263 [INFO ] AutomationTesting.Practice.index [main] Dutch
2022-05-23 18:09:44,321 [INFO ] AutomationTesting.Practice.index [main] English
2022-05-23 18:09:44,411 [INFO ] AutomationTesting.Practice.index [main] Estonian
2022-05-23 18:09:44,469 [INFO ] AutomationTesting.Practice.index [main] Filipino
2022-05-23 18:09:44,530 [INFO ] AutomationTesting.Practice.index [main] Finnish
2022-05-23 18:09:44,595 [INFO ] AutomationTesting.Practice.index [main] French
2022-05-23 18:09:44,653 [INFO ] AutomationTesting.Practice.index [main] German
2022-05-23 18:09:44,772 [INFO ] AutomationTesting.Practice.index [main] Greek
2022-05-23 18:09:44,832 [INFO ] AutomationTesting.Practice.index [main] Hebrew
2022-05-23 18:09:44,893 [INFO ] AutomationTesting.Practice.index [main] Hindi
2022-05-23 18:09:44,957 [INFO ] AutomationTesting.Practice.index [main] Hungarian
2022-05-23 18:09:45,018 [INFO ] AutomationTesting.Practice.index [main] Icelandic
2022-05-23 18:09:45,083 [INFO ] AutomationTesting.Practice.index [main] Indonesian
2022-05-23 18:09:45,143 [INFO ] AutomationTesting.Practice.index [main] Italian
2022-05-23 18:09:45,202 [INFO ] AutomationTesting.Practice.index [main] Japanese
2022-05-23 18:09:45,262 [INFO ] AutomationTesting.Practice.index [main] Korean
2022-05-23 18:09:45,323 [INFO ] AutomationTesting.Practice.index [main] Latvian
2022-05-23 18:09:45,383 [INFO ] AutomationTesting.Practice.index [main] Lithuanian
2022-05-23 18:09:45,443 [INFO ] AutomationTesting.Practice.index [main] Malay
2022-05-23 18:09:45,500 [INFO ] AutomationTesting.Practice.index [main] Norwegian
2022-05-23 18:09:45,558 [INFO ] AutomationTesting.Practice.index [main] Persian
2022-05-23 18:09:45,619 [INFO ] AutomationTesting.Practice.index [main] Polish
2022-05-23 18:09:45,677 [INFO ] AutomationTesting.Practice.index [main] Portuguese
2022-05-23 18:09:45,736 [INFO ] AutomationTesting.Practice.index [main] Romanian
2022-05-23 18:09:45,801 [INFO ] AutomationTesting.Practice.index [main] Russian
2022-05-23 18:09:45,865 [INFO ] AutomationTesting.Practice.index [main] Serbian
2022-05-23 18:09:45,927 [INFO ] AutomationTesting.Practice.index [main] Slovak
2022-05-23 18:09:45,989 [INFO ] AutomationTesting.Practice.index [main] Slovenian
2022-05-23 18:09:46,049 [INFO ] AutomationTesting.Practice.index [main] Spanish
2022-05-23 18:09:46,112 [INFO ] AutomationTesting.Practice.index [main] Swedish
2022-05-23 18:09:46,171 [INFO ] AutomationTesting.Practice.index [main] Thai
2022-05-23 18:09:46,232 [INFO ] AutomationTesting.Practice.index [main] Turkish
2022-05-23 18:09:46,303 [INFO ] AutomationTesting.Practice.index [main] Ukrainian
2022-05-23 18:09:46,377 [INFO ] AutomationTesting.Practice.index [main] Urdu
2022-05-23 18:09:46,451 [INFO ] AutomationTesting.Practice.index [main] Vietnamese
