2022-05-23 18:21:37,402 [INFO ] AutomationTesting.Practice.index [main] Index
2022-05-23 18:21:42,247 [INFO ] AutomationTesting.Practice.index [main] Register
2022-05-23 18:21:42,540 [INFO ] AutomationTesting.Practice.index [main] emaliTooltipText is:
2022-05-23 18:21:43,300 [INFO ] AutomationTesting.Practice.index [main] Options:Male
2022-05-23 18:21:43,383 [INFO ] AutomationTesting.Practice.index [main] Options:FeMale
2022-05-23 18:21:43,687 [INFO ] AutomationTesting.Practice.index [main] 
2022-05-23 18:21:43,708 [INFO ] AutomationTesting.Practice.index [main] Australia
2022-05-23 18:21:43,729 [INFO ] AutomationTesting.Practice.index [main] Bangladesh
2022-05-23 18:21:43,748 [INFO ] AutomationTesting.Practice.index [main] Denmark
2022-05-23 18:21:43,770 [INFO ] AutomationTesting.Practice.index [main] Hong Kong
2022-05-23 18:21:43,786 [INFO ] AutomationTesting.Practice.index [main] India
2022-05-23 18:21:43,820 [INFO ] AutomationTesting.Practice.index [main] Japan
2022-05-23 18:21:43,851 [INFO ] AutomationTesting.Practice.index [main] Netherlands
2022-05-23 18:21:43,875 [INFO ] AutomationTesting.Practice.index [main] New Zealand
2022-05-23 18:21:43,896 [INFO ] AutomationTesting.Practice.index [main] South Africa
2022-05-23 18:21:43,915 [INFO ] AutomationTesting.Practice.index [main] United States of America
2022-05-23 18:21:43,990 [INFO ] AutomationTesting.Practice.index [main] Select Skills
2022-05-23 18:21:44,012 [INFO ] AutomationTesting.Practice.index [main] Adobe InDesign
2022-05-23 18:21:44,031 [INFO ] AutomationTesting.Practice.index [main] Adobe Photoshop
2022-05-23 18:21:44,052 [INFO ] AutomationTesting.Practice.index [main] Analytics
2022-05-23 18:21:44,072 [INFO ] AutomationTesting.Practice.index [main] Android
2022-05-23 18:21:44,090 [INFO ] AutomationTesting.Practice.index [main] APIs
2022-05-23 18:21:44,116 [INFO ] AutomationTesting.Practice.index [main] Art Design
2022-05-23 18:21:44,134 [INFO ] AutomationTesting.Practice.index [main] AutoCAD
2022-05-23 18:21:44,155 [INFO ] AutomationTesting.Practice.index [main] Backup Management
2022-05-23 18:21:44,178 [INFO ] AutomationTesting.Practice.index [main] C
2022-05-23 18:21:44,199 [INFO ] AutomationTesting.Practice.index [main] C++
2022-05-23 18:21:44,224 [INFO ] AutomationTesting.Practice.index [main] Certifications
2022-05-23 18:21:44,249 [INFO ] AutomationTesting.Practice.index [main] Client Server
2022-05-23 18:21:44,272 [INFO ] AutomationTesting.Practice.index [main] Client Support
2022-05-23 18:21:44,297 [INFO ] AutomationTesting.Practice.index [main] Configuration
2022-05-23 18:21:44,319 [INFO ] AutomationTesting.Practice.index [main] Content Managment
2022-05-23 18:21:44,340 [INFO ] AutomationTesting.Practice.index [main] Content Management Systems (CMS)
2022-05-23 18:21:44,362 [INFO ] AutomationTesting.Practice.index [main] Corel Draw
2022-05-23 18:21:44,383 [INFO ] AutomationTesting.Practice.index [main] Corel Word Perfect
2022-05-23 18:21:44,406 [INFO ] AutomationTesting.Practice.index [main] CSS
2022-05-23 18:21:44,430 [INFO ] AutomationTesting.Practice.index [main] Data Analytics
2022-05-23 18:21:44,453 [INFO ] AutomationTesting.Practice.index [main] Desktop Publishing
2022-05-23 18:21:44,478 [INFO ] AutomationTesting.Practice.index [main] Design
2022-05-23 18:21:44,502 [INFO ] AutomationTesting.Practice.index [main] Diagnostics
2022-05-23 18:21:44,527 [INFO ] AutomationTesting.Practice.index [main] Documentation
2022-05-23 18:21:44,552 [INFO ] AutomationTesting.Practice.index [main] End User Support
2022-05-23 18:21:44,576 [INFO ] AutomationTesting.Practice.index [main] Email
2022-05-23 18:21:44,601 [INFO ] AutomationTesting.Practice.index [main] Engineering
2022-05-23 18:21:44,626 [INFO ] AutomationTesting.Practice.index [main] Excel
2022-05-23 18:21:44,651 [INFO ] AutomationTesting.Practice.index [main] FileMaker Pro
2022-05-23 18:21:44,673 [INFO ] AutomationTesting.Practice.index [main] Fortran
2022-05-23 18:21:44,694 [INFO ] AutomationTesting.Practice.index [main] HTML
2022-05-23 18:21:44,718 [INFO ] AutomationTesting.Practice.index [main] Implementation
2022-05-23 18:21:44,741 [INFO ] AutomationTesting.Practice.index [main] Installation
2022-05-23 18:21:44,767 [INFO ] AutomationTesting.Practice.index [main] Internet
2022-05-23 18:21:44,792 [INFO ] AutomationTesting.Practice.index [main] iOS
2022-05-23 18:21:44,816 [INFO ] AutomationTesting.Practice.index [main] iPhone
2022-05-23 18:21:44,842 [INFO ] AutomationTesting.Practice.index [main] Linux
2022-05-23 18:21:44,865 [INFO ] AutomationTesting.Practice.index [main] Java
2022-05-23 18:21:44,925 [INFO ] AutomationTesting.Practice.index [main] Javascript
2022-05-23 18:21:44,948 [INFO ] AutomationTesting.Practice.index [main] Mac
2022-05-23 18:21:44,970 [INFO ] AutomationTesting.Practice.index [main] Matlab
2022-05-23 18:21:44,992 [INFO ] AutomationTesting.Practice.index [main] Maya
2022-05-23 18:21:45,014 [INFO ] AutomationTesting.Practice.index [main] Microsoft Excel
2022-05-23 18:21:45,036 [INFO ] AutomationTesting.Practice.index [main] Microsoft Office
2022-05-23 18:21:45,057 [INFO ] AutomationTesting.Practice.index [main] Microsoft Outlook
2022-05-23 18:21:45,079 [INFO ] AutomationTesting.Practice.index [main] Microsoft Publisher
2022-05-23 18:21:45,101 [INFO ] AutomationTesting.Practice.index [main] Microsoft Word
2022-05-23 18:21:45,122 [INFO ] AutomationTesting.Practice.index [main] Microsoft Visual
2022-05-23 18:21:45,144 [INFO ] AutomationTesting.Practice.index [main] Mobile
2022-05-23 18:21:45,164 [INFO ] AutomationTesting.Practice.index [main] MySQL
2022-05-23 18:21:45,185 [INFO ] AutomationTesting.Practice.index [main] Networks
2022-05-23 18:21:45,206 [INFO ] AutomationTesting.Practice.index [main] Open Source Software
2022-05-23 18:21:45,230 [INFO ] AutomationTesting.Practice.index [main] Oracle
2022-05-23 18:21:45,252 [INFO ] AutomationTesting.Practice.index [main] Perl
2022-05-23 18:21:45,272 [INFO ] AutomationTesting.Practice.index [main] PHP
2022-05-23 18:21:45,293 [INFO ] AutomationTesting.Practice.index [main] Presentations
2022-05-23 18:21:45,313 [INFO ] AutomationTesting.Practice.index [main] Processing
2022-05-23 18:21:45,334 [INFO ] AutomationTesting.Practice.index [main] Programming
2022-05-23 18:21:45,354 [INFO ] AutomationTesting.Practice.index [main] PT Modeler
2022-05-23 18:21:45,374 [INFO ] AutomationTesting.Practice.index [main] Python
2022-05-23 18:21:45,394 [INFO ] AutomationTesting.Practice.index [main] QuickBooks
2022-05-23 18:21:45,414 [INFO ] AutomationTesting.Practice.index [main] Ruby
2022-05-23 18:21:45,436 [INFO ] AutomationTesting.Practice.index [main] Shade
2022-05-23 18:21:45,463 [INFO ] AutomationTesting.Practice.index [main] Software
2022-05-23 18:21:45,495 [INFO ] AutomationTesting.Practice.index [main] Spreadsheet
2022-05-23 18:21:45,521 [INFO ] AutomationTesting.Practice.index [main] SQL
2022-05-23 18:21:45,545 [INFO ] AutomationTesting.Practice.index [main] Support
2022-05-23 18:21:45,570 [INFO ] AutomationTesting.Practice.index [main] Systems Administration
2022-05-23 18:21:45,592 [INFO ] AutomationTesting.Practice.index [main] Tech Support
2022-05-23 18:21:45,614 [INFO ] AutomationTesting.Practice.index [main] Troubleshooting
2022-05-23 18:21:45,638 [INFO ] AutomationTesting.Practice.index [main] Unix
2022-05-23 18:21:45,660 [INFO ] AutomationTesting.Practice.index [main] UI / UX
2022-05-23 18:21:45,684 [INFO ] AutomationTesting.Practice.index [main] Web Page Design
2022-05-23 18:21:45,707 [INFO ] AutomationTesting.Practice.index [main] Windows
2022-05-23 18:21:45,730 [INFO ] AutomationTesting.Practice.index [main] Word Processing
2022-05-23 18:21:45,756 [INFO ] AutomationTesting.Practice.index [main] XML
2022-05-23 18:21:45,780 [INFO ] AutomationTesting.Practice.index [main] XHTML
2022-05-23 18:21:46,361 [INFO ] AutomationTesting.Practice.index [main] 41
2022-05-23 18:21:46,398 [INFO ] AutomationTesting.Practice.index [main] Arabic
2022-05-23 18:21:46,469 [INFO ] AutomationTesting.Practice.index [main] Bulgarian
2022-05-23 18:21:46,537 [INFO ] AutomationTesting.Practice.index [main] Catalan
2022-05-23 18:21:46,607 [INFO ] AutomationTesting.Practice.index [main] Croatian
2022-05-23 18:21:46,680 [INFO ] AutomationTesting.Practice.index [main] Czech
2022-05-23 18:21:46,748 [INFO ] AutomationTesting.Practice.index [main] Danish
2022-05-23 18:21:46,812 [INFO ] AutomationTesting.Practice.index [main] Dutch
2022-05-23 18:21:46,879 [INFO ] AutomationTesting.Practice.index [main] English
2022-05-23 18:21:46,979 [INFO ] AutomationTesting.Practice.index [main] Estonian
2022-05-23 18:21:47,040 [INFO ] AutomationTesting.Practice.index [main] Filipino
2022-05-23 18:21:47,103 [INFO ] AutomationTesting.Practice.index [main] Finnish
2022-05-23 18:21:47,166 [INFO ] AutomationTesting.Practice.index [main] French
2022-05-23 18:21:47,229 [INFO ] AutomationTesting.Practice.index [main] German
2022-05-23 18:21:47,338 [INFO ] AutomationTesting.Practice.index [main] Greek
2022-05-23 18:21:47,401 [INFO ] AutomationTesting.Practice.index [main] Hebrew
2022-05-23 18:21:47,459 [INFO ] AutomationTesting.Practice.index [main] Hindi
2022-05-23 18:21:47,517 [INFO ] AutomationTesting.Practice.index [main] Hungarian
2022-05-23 18:21:47,577 [INFO ] AutomationTesting.Practice.index [main] Icelandic
2022-05-23 18:21:47,636 [INFO ] AutomationTesting.Practice.index [main] Indonesian
2022-05-23 18:21:47,696 [INFO ] AutomationTesting.Practice.index [main] Italian
2022-05-23 18:21:47,758 [INFO ] AutomationTesting.Practice.index [main] Japanese
2022-05-23 18:21:47,816 [INFO ] AutomationTesting.Practice.index [main] Korean
2022-05-23 18:21:47,876 [INFO ] AutomationTesting.Practice.index [main] Latvian
2022-05-23 18:21:47,934 [INFO ] AutomationTesting.Practice.index [main] Lithuanian
2022-05-23 18:21:47,995 [INFO ] AutomationTesting.Practice.index [main] Malay
2022-05-23 18:21:48,052 [INFO ] AutomationTesting.Practice.index [main] Norwegian
2022-05-23 18:21:48,111 [INFO ] AutomationTesting.Practice.index [main] Persian
2022-05-23 18:21:48,169 [INFO ] AutomationTesting.Practice.index [main] Polish
2022-05-23 18:21:48,226 [INFO ] AutomationTesting.Practice.index [main] Portuguese
2022-05-23 18:21:48,287 [INFO ] AutomationTesting.Practice.index [main] Romanian
2022-05-23 18:21:48,346 [INFO ] AutomationTesting.Practice.index [main] Russian
2022-05-23 18:21:48,417 [INFO ] AutomationTesting.Practice.index [main] Serbian
2022-05-23 18:21:48,486 [INFO ] AutomationTesting.Practice.index [main] Slovak
2022-05-23 18:21:48,562 [INFO ] AutomationTesting.Practice.index [main] Slovenian
2022-05-23 18:21:48,638 [INFO ] AutomationTesting.Practice.index [main] Spanish
2022-05-23 18:21:48,707 [INFO ] AutomationTesting.Practice.index [main] Swedish
2022-05-23 18:21:48,773 [INFO ] AutomationTesting.Practice.index [main] Thai
2022-05-23 18:21:48,838 [INFO ] AutomationTesting.Practice.index [main] Turkish
2022-05-23 18:21:48,904 [INFO ] AutomationTesting.Practice.index [main] Ukrainian
2022-05-23 18:21:48,973 [INFO ] AutomationTesting.Practice.index [main] Urdu
2022-05-23 18:21:49,040 [INFO ] AutomationTesting.Practice.index [main] Vietnamese
